FILE_TYPE=LIBRARY_PARTS;
PRIMITIVE 'ST_1KL3A','ST_1KL3A_Other';
  PIN
    'E':
      PIN_NUMBER='(1)';
      NO_LOAD_CHECK=BOTH;
      NO_IO_CHECK=BOTH;
      ALLOW_CONNECT=TRUE;
      PINUSE='UNSPEC';
    'C':
      PIN_NUMBER='(2)';
      NO_LOAD_CHECK=BOTH;
      NO_IO_CHECK=BOTH;
      ALLOW_CONNECT=TRUE;
      PINUSE='UNSPEC';
  END_PIN;
  BODY
    PART_NAME='ST_1KL3A';
    PHYS_DES_PREFIX='Q';
    NO_LOAD_CHECK='TRUE';
    PIN_COUNT='2';
    BODY_NAME='ST_1KL3A';
    JEDEC_TYPE='ST1KL3A';
  END_BODY;
END_PRIMITIVE;
END.
