FILE_TYPE=LIBRARY_PARTS;
PRIMITIVE 'OS5RKA5111P','OS5RKA5111P_Other';
  PIN
    'K':
      PIN_NUMBER='(1)';
      NO_LOAD_CHECK=BOTH;
      NO_IO_CHECK=BOTH;
      ALLOW_CONNECT=TRUE;
      PINUSE='UNSPEC';
    'A':
      PIN_NUMBER='(2)';
      NO_LOAD_CHECK=BOTH;
      NO_IO_CHECK=BOTH;
      ALLOW_CONNECT=TRUE;
      PINUSE='UNSPEC';
  END_PIN;
  BODY
    PART_NAME='OS5RKA5111P';
    PHYS_DES_PREFIX='LED';
    NO_LOAD_CHECK='TRUE';
    PIN_COUNT='2';
    BODY_NAME='OS5RKA5111P';
    JEDEC_TYPE='OS5RKA5111P';
  END_BODY;
END_PRIMITIVE;
END.
